<?xml version="1.0" encoding="UTF-8"?>
<!-- Generated by org.testng.reporters.JUnitReportReporter -->
<testsuite hostname="Abhijith" failures="0" tests="1" name="shoppingCart.TC_DWS_003_Test" time="11.825" errors="0" timestamp="2024-08-17T12:36:27 IST" skipped="0">
  <testcase classname="shoppingCart.TC_DWS_003_Test" name="addProduct" time="11.825"/>
  <system-out/>
</testsuite> <!-- shoppingCart.TC_DWS_003_Test -->
