<?xml version="1.0" encoding="UTF-8"?>
<!-- Generated by org.testng.reporters.JUnitReportReporter -->
<testsuite hostname="Abhijith" failures="0" tests="1" name="books.TC_DWS_005_Test" time="4.155" errors="0" timestamp="2024-08-17T12:36:27 IST" skipped="0">
  <testcase classname="books.TC_DWS_005_Test" name="clickOnBooks" time="4.155"/>
  <system-out/>
</testsuite> <!-- books.TC_DWS_005_Test -->
